Content-Length: 3142
{"jsonrpc":"2.0","id":0,"method":"initialize","params":{"processId":349466,"clientInfo":{"name":"vscode","version":"1.58.0"},"rootPath":"/home/delson_filho/projetos/rocketseat/ignite/gofinances","rootUri":"file:///home/delson_filho/projetos/rocketseat/ignite/gofinances","capabilities":{"workspace":{"applyEdit":true,"workspaceEdit":{"documentChanges":true,"resourceOperations":["create","rename","delete"],"failureHandling":"textOnlyTransactional"},"didChangeConfiguration":{"dynamicRegistration":true},"didChangeWatchedFiles":{"dynamicRegistration":true},"symbol":{"dynamicRegistration":true,"symbolKind":{"valueSet":[1,2,3,4,5,6,7,8,9,10,11,12,13,14,15,16,17,18,19,20,21,22,23,24,25,26]}},"executeCommand":{"dynamicRegistration":true},"configuration":true,"workspaceFolders":true},"textDocument":{"publishDiagnostics":{"relatedInformation":true,"versionSupport":false,"tagSupport":{"valueSet":[1,2]}},"synchronization":{"dynamicRegistration":true,"willSave":true,"willSaveWaitUntil":true,"didSave":true},"completion":{"dynamicRegistration":true,"contextSupport":true,"completionItem":{"snippetSupport":true,"commitCharactersSupport":true,"documentationFormat":["markdown","plaintext"],"deprecatedSupport":true,"preselectSupport":true,"tagSupport":{"valueSet":[1]}},"completionItemKind":{"valueSet":[1,2,3,4,5,6,7,8,9,10,11,12,13,14,15,16,17,18,19,20,21,22,23,24,25]}},"hover":{"dynamicRegistration":true,"contentFormat":["markdown","plaintext"]},"signatureHelp":{"dynamicRegistration":true,"signatureInformation":{"documentationFormat":["markdown","plaintext"],"parameterInformation":{"labelOffsetSupport":true}},"contextSupport":true},"definition":{"dynamicRegistration":true,"linkSupport":true},"references":{"dynamicRegistration":true},"documentHighlight":{"dynamicRegistration":true},"documentSymbol":{"dynamicRegistration":true,"symbolKind":{"valueSet":[1,2,3,4,5,6,7,8,9,10,11,12,13,14,15,16,17,18,19,20,21,22,23,24,25,26]},"hierarchicalDocumentSymbolSupport":true},"codeAction":{"dynamicRegistration":true,"isPreferredSupport":true,"codeActionLiteralSupport":{"codeActionKind":{"valueSet":["","quickfix","refactor","refactor.extract","refactor.inline","refactor.rewrite","source","source.organizeImports"]}}},"codeLens":{"dynamicRegistration":true},"formatting":{"dynamicRegistration":true},"rangeFormatting":{"dynamicRegistration":true},"onTypeFormatting":{"dynamicRegistration":true},"rename":{"dynamicRegistration":true,"prepareSupport":true},"documentLink":{"dynamicRegistration":true,"tooltipSupport":true},"typeDefinition":{"dynamicRegistration":true,"linkSupport":true},"implementation":{"dynamicRegistration":true,"linkSupport":true},"colorProvider":{"dynamicRegistration":true},"foldingRange":{"dynamicRegistration":true,"rangeLimit":5000,"lineFoldingOnly":true},"declaration":{"dynamicRegistration":true,"linkSupport":true},"selectionRange":{"dynamicRegistration":true}},"window":{"workDoneProgress":true}},"initializationOptions":{"launchArgs":["--log-file=totvsls.log","--record=totvsls"]},"trace":"off","workspaceFolders":[{"uri":"file:///home/delson_filho/projetos/rocketseat/ignite/gofinances","name":"gofinances"}]}}
Content-Length: 52
{"jsonrpc":"2.0","method":"initialized","params":{}}
Content-Length: 146
{"jsonrpc":"2.0","id":1,"method":"$totvsserver/changeSetting","params":{"changeSettingInfo":{"scope":"advpls","key":"autocomplete","value":"LS"}}}
Content-Length: 153
{"jsonrpc":"2.0","id":2,"method":"$totvsserver/changeSetting","params":{"changeSettingInfo":{"scope":"advpls","key":"notificationlevel","value":"none"}}}
Content-Length: 712
{"jsonrpc":"2.0","id":3,"method":"$totvsserver/reconnect","params":{"reconnectInfo":{"connectionToken":"djM6OWM4MGtvbnZuNXJrcG9zdTFtZ3VkbTZvY3hxdWk6MToxMC4wLjUxLjI6MzAwNToxOjcuMDAuMTkxMjA1UDoz:djE6RmVydGVjbmljYV9DdXN0b206bm91c2VyOkZiUHJ5dnFTYnVnVlZEeHY3L2FveWFic29GdGM4YkZxYm1kcWQvb1JESTg9|djI6MTYyNjE0MTA3MzoyOjE6MA==.ArEOFoefT+vlWzL4JLEoZSl/l2aF+5HtQyLcsT1GfgHJHMfyClfuDREeAV09nJWMuA/JwMwHlTTvzZOvDCg9qiKsNHlbqUh0h3hl65VjaDkm+MGTGdJIgym0+MKM3HpBzjyF5gP/1PAk0u39KWk5CMHYipwksUM8NEzC5MhtZvRMhpldSYaPYZfM6Y6oXFIk/yc8pNDI3y0MQcQKh7ODAewXyEA0dZD3HtXn5kPa0ytQn+siy2QnfbtsqlhQ7iSCJEvP1t6jK9pIvrYORQeL/ffP9Yr42tmAwze+4JayV8cVV9LVjPobkIh8OUPSqA/YldVdIRGuW+/gFIUxfrxE7g==","serverName":"Fertecnica_Cloud","connType":3}}}
Content-Length: 701
{"jsonrpc":"2.0","id":4,"method":"$totvsserver/disconnect","params":{"disconnectInfo":{"connectionToken":"djM6OWM4MGtvbnZuNXJrcG9zdTFtZ3VkbTZvY3hxdWk6MToxMC4wLjUxLjI6MzAwNToxOjcuMDAuMTkxMjA1UDoz:djE6RmVydGVjbmljYV9DdXN0b206bm91c2VyOkZiUHJ5dnFTYnVnVlZEeHY3L2FveWFic29GdGM4YkZxYm1kcWQvb1JESTg9|djI6MTYyNjE0MTE5MDoyOjE6MA==.aVGQAMND5hQofWOmQDTjMe15YY6rKHx/hjiw8yEveMkDZT92niclyM4kRC4mhGRLaMyldDjX+7ChdIg2/KLrIev7C8vR4j6A0m6TjfDAbX2VI/WAG0IJIjH5rmukrJLbZgadD9DZo07LLapkSMBQvGA5LBAwwfWSUB8Lf3TGpG4gi9uwCh7kxQjAMdjHo4pfQ41x9K/utehoqPGBdroHsACp8wkDIodjSwsevTO2C1uIIcmYctZcb5RozMjSHX5rPvuobIOEoVa0eCNQvDrFIRn7Bjm78vIHZ0iRZNZhizWgKmaUToAtlL3D4aXjRm5zBAcFV92WOCEVMBAcK4oA4Q==","serverName":"Fertecnica_Cloud"}}}
Content-Length: 146
{"jsonrpc":"2.0","id":5,"method":"$totvsserver/changeSetting","params":{"changeSettingInfo":{"scope":"advpls","key":"autocomplete","value":"LS"}}}
Content-Length: 153
{"jsonrpc":"2.0","id":6,"method":"$totvsserver/changeSetting","params":{"changeSettingInfo":{"scope":"advpls","key":"notificationlevel","value":"none"}}}
Content-Length: 76
{"jsonrpc":"2.0","method":"$/setTraceNotification","params":{"value":"off"}}
Content-Length: 58
{"jsonrpc":"2.0","id":7,"method":"shutdown","params":null}
Content-Length: 47
{"jsonrpc":"2.0","method":"exit","params":null}
